<?xml version="1.0" encoding="UTF-8"?>
<testng-results ignored="0" total="1" passed="1" failed="0" skipped="0">
  <reporter-output>
  </reporter-output>
  <suite started-at="2025-08-06T10:37:04 IST" name="Default suite" finished-at="2025-08-06T10:37:06 IST" duration-ms="2787">
    <groups>
    </groups>
    <test started-at="2025-08-06T10:37:04 IST" name="Default test" finished-at="2025-08-06T10:37:06 IST" duration-ms="2787">
      <class name="testScript.DeleteOperation">
        <test-method is-config="true" signature="setup()[pri:0, instance:testScript.DeleteOperation@1bd4fdd]" started-at="2025-08-06T10:37:04 IST" name="setup" finished-at="2025-08-06T10:37:06 IST" duration-ms="2335" status="PASS">
          <reporter-output>
          </reporter-output>
        </test-method> <!-- setup -->
        <test-method signature="deleteMovieUsingPojo()[pri:0, instance:testScript.DeleteOperation@1bd4fdd]" started-at="2025-08-06T10:37:06 IST" name="deleteMovieUsingPojo" finished-at="2025-08-06T10:37:06 IST" duration-ms="414" status="PASS">
          <reporter-output>
          </reporter-output>
        </test-method> <!-- deleteMovieUsingPojo -->
      </class> <!-- testScript.DeleteOperation -->
    </test> <!-- Default test -->
  </suite> <!-- Default suite -->
</testng-results>
